<?xml version="1.0" encoding="UTF-8"?>
<testsuites>
  <testsuite name="PHPUnitTest" file="C:\Users\recca\github\tester-phpunit\tests\PHPUnitTest.php" tests="2" assertions="2" failures="1" errors="0" time="0.023384">
    <testcase name="testPassed" class="PHPUnitTest" file="C:\Users\recca\github\tester-phpunit\tests\PHPUnitTest.php" line="13" assertions="1" time="0.023120">
      <failure type="PHPUnit_Framework_ExpectationFailedException">PHPUnitTest::testPassed&#13;
Failed asserting that false is true.
&#13;
C:\Users\recca\github\tester-phpunit\tests\PHPUnitTest.php:15
</failure>
    </testcase>
    <testcase name="testFailed" class="PHPUnitTest" file="C:\Users\recca\github\tester-phpunit\tests\PHPUnitTest.php" line="18" assertions="1" time="0.000264"/>
  </testsuite>
</testsuites>
